c:\users\superg3m\documents\physicsengine\x64\debug\vc143.pdb
c:\users\superg3m\documents\physicsengine\x64\debug\vc143.idb
c:\users\superg3m\documents\physicsengine\x64\debug\glad.obj
c:\users\superg3m\documents\physicsengine\x64\debug\shader.obj
c:\users\superg3m\documents\physicsengine\x64\debug\physicsengine.obj
c:\users\superg3m\documents\physicsengine\x64\debug\main.obj
c:\users\superg3m\documents\physicsengine\x64\debug\imgui_widgets.obj
c:\users\superg3m\documents\physicsengine\x64\debug\imgui_tables.obj
c:\users\superg3m\documents\physicsengine\x64\debug\imgui_impl_opengl3.obj
c:\users\superg3m\documents\physicsengine\x64\debug\imgui_impl_glfw.obj
c:\users\superg3m\documents\physicsengine\x64\debug\imgui_draw.obj
c:\users\superg3m\documents\physicsengine\x64\debug\imgui_demo.obj
c:\users\superg3m\documents\physicsengine\x64\debug\imgui.obj
c:\users\superg3m\documents\physicsengine\x64\debug\glm.obj
c:\users\superg3m\documents\physicsengine\x64\debug\physicsengine.exe
c:\users\superg3m\documents\physicsengine\x64\debug\physicsengine.ilk
c:\users\superg3m\documents\physicsengine\x64\debug\physicsengine.pdb
c:\users\superg3m\documents\physicsengine\x64\debug\openglapplication.obj
c:\users\superg3m\documents\physicsengine\x64\debug\physicsengine.tlog\cl.command.1.tlog
c:\users\superg3m\documents\physicsengine\x64\debug\physicsengine.tlog\cl.read.1.tlog
c:\users\superg3m\documents\physicsengine\x64\debug\physicsengine.tlog\cl.write.1.tlog
c:\users\superg3m\documents\physicsengine\x64\debug\physicsengine.tlog\link.command.1.tlog
c:\users\superg3m\documents\physicsengine\x64\debug\physicsengine.tlog\link.read.1.tlog
c:\users\superg3m\documents\physicsengine\x64\debug\physicsengine.tlog\link.write.1.tlog
